{"content": {"suites": {"0": {"status": {"total_pass": 2, "total_skip": 0, "total_xpass": 0, "total_xfail": 0, "total_rerun": 0, "total_fail": 2, "total_error": 0}, "tests": {"0": {"status": "PASS", "message": "", "test_name": "test_1", "rerun": "0"}, "1": {"status": "FAIL", "message": "       Exception: FAKE EXCEPTION: This test fails on purpose.\n", "test_name": "test_2", "rerun": "0"}, "2": {"status": "PASS", "message": "", "test_name": "test_3", "rerun": "0"}, "3": {"status": "FAIL", "message": "   selenium.common.exceptions.NoSuchElementException: Message: \n    Element {FakeElement.DoesNotExist} was not present after 0.5 seconds!\n", "test_name": "test_4", "rerun": "0"}}, "suite_name": "examples/test_suite_allure.py"}}}, "date": "January 13, 2021", "start_time": 1610550153, "total_suite": 1, "status": "FAIL", "status_list": {"pass": "2", "fail": "2", "skip": "0", "error": "0", "xpass": "0", "xfail": "0", "rerun": "0"}, "total_tests": "4"}